TN:
SF:src\components\Button.tsx
FN:15,Button
FNF:1
FNH:1
FNDA:1,Button
DA:21,1
LF:1
LH:1
BRDA:17,0,0,0
BRDA:18,1,0,1
BRF:2
BRH:1
end_of_record
TN:
SF:src\components\ui\button-variants.ts
FNF:0
FNH:0
DA:3,1
LF:1
LH:1
BRF:0
BRH:0
end_of_record
TN:
SF:src\components\ui\button.tsx
FN:8,Button
FNF:1
FNH:1
FNDA:1,Button
DA:18,1
DA:20,1
LF:2
LH:2
BRDA:12,0,0,1
BRDA:18,1,0,0
BRDA:18,1,1,1
BRF:3
BRH:2
end_of_record
TN:
SF:src\lib\utils.ts
FN:4,cn
FNF:1
FNH:1
FNDA:1,cn
DA:5,1
LF:1
LH:1
BRF:0
BRH:0
end_of_record
